<?xml version="1.0" encoding="UTF-8"?>
<testng-results ignored="0" total="1" passed="1" failed="0" skipped="0">
  <reporter-output>
  </reporter-output>
  <suite started-at="2022-03-20T23:41:59 CST" name="Default suite" finished-at="2022-03-20T23:42:53 CST" duration-ms="54109">
    <groups>
      <group name="cucumber">
        <method signature="AbstractTestNGCucumberTests.runScenario(io.cucumber.testng.PickleWrapper,io.cucumber.testng.FeatureWrapper)[pri:0, instance:testRunner.exersiceRunner@36916eb0]" name="runScenario" class="io.cucumber.testng.AbstractTestNGCucumberTests"/>
      </group> <!-- cucumber -->
    </groups>
    <test started-at="2022-03-20T23:41:59 CST" name="Default test" finished-at="2022-03-20T23:42:53 CST" duration-ms="54109">
      <class name="testRunner.exersiceRunner">
        <test-method is-config="true" signature="setUpClass(org.testng.ITestContext)[pri:0, instance:testRunner.exersiceRunner@36916eb0]" started-at="2022-03-20T23:41:59 CST" name="setUpClass" finished-at="2022-03-20T23:41:59 CST" duration-ms="229" status="PASS">
          <params>
            <param index="0">
              <value>
                <![CDATA[org.testng.TestRunner@31db34da]]>
              </value>
            </param>
          </params>
          <reporter-output>
          </reporter-output>
        </test-method> <!-- setUpClass -->
        <test-method signature="runScenario(io.cucumber.testng.PickleWrapper,io.cucumber.testng.FeatureWrapper)[pri:0, instance:testRunner.exersiceRunner@36916eb0]" started-at="2022-03-20T23:41:59 CST" name="runScenario" description="Runs Cucumber Scenarios" data-provider="scenarios" finished-at="2022-03-20T23:42:53 CST" duration-ms="53838" status="PASS">
          <params>
            <param index="0">
              <value>
                <![CDATA["Verify the function of the web site automation bro"]]>
              </value>
            </param>
            <param index="1">
              <value>
                <![CDATA["Optional[Automation]"]]>
              </value>
            </param>
          </params>
          <reporter-output>
          </reporter-output>
        </test-method> <!-- runScenario -->
        <test-method is-config="true" signature="tearDownClass()[pri:0, instance:testRunner.exersiceRunner@36916eb0]" started-at="2022-03-20T23:42:53 CST" name="tearDownClass" finished-at="2022-03-20T23:42:53 CST" duration-ms="11" status="PASS">
          <reporter-output>
          </reporter-output>
        </test-method> <!-- tearDownClass -->
      </class> <!-- testRunner.exersiceRunner -->
    </test> <!-- Default test -->
  </suite> <!-- Default suite -->
</testng-results>
