<?xml version="1.0" encoding="UTF-8"?>
<testng-results ignored="0" total="3" passed="3" failed="0" skipped="0">
  <reporter-output>
  </reporter-output>
  <suite started-at="2022-03-21T16:25:38 CST" name="Default suite" finished-at="2022-03-21T16:26:48 CST" duration-ms="69947">
    <groups>
      <group name="cucumber">
        <method signature="AbstractTestNGCucumberTests.runScenario(io.cucumber.testng.PickleWrapper,io.cucumber.testng.FeatureWrapper)[pri:0, instance:testRunner.exersiceRunner@1e1a0406]" name="runScenario" class="io.cucumber.testng.AbstractTestNGCucumberTests"/>
      </group> <!-- cucumber -->
    </groups>
    <test started-at="2022-03-21T16:25:38 CST" name="Default test" finished-at="2022-03-21T16:26:48 CST" duration-ms="69947">
      <class name="testRunner.exersiceRunner">
        <test-method is-config="true" signature="setUpClass(org.testng.ITestContext)[pri:0, instance:testRunner.exersiceRunner@1e1a0406]" started-at="2022-03-21T16:25:38 CST" name="setUpClass" finished-at="2022-03-21T16:25:38 CST" duration-ms="211" status="PASS">
          <params>
            <param index="0">
              <value>
                <![CDATA[org.testng.TestRunner@68ddd415]]>
              </value>
            </param>
          </params>
          <reporter-output>
          </reporter-output>
        </test-method> <!-- setUpClass -->
        <test-method signature="runScenario(io.cucumber.testng.PickleWrapper,io.cucumber.testng.FeatureWrapper)[pri:0, instance:testRunner.exersiceRunner@1e1a0406]" started-at="2022-03-21T16:25:38 CST" name="runScenario" description="Runs Cucumber Scenarios" data-provider="scenarios" finished-at="2022-03-21T16:26:12 CST" duration-ms="33847" status="PASS">
          <params>
            <param index="0">
              <value>
                <![CDATA["User should be able to verify the functionality of the buttons on shop page"]]>
              </value>
            </param>
            <param index="1">
              <value>
                <![CDATA["Optional[Automation]"]]>
              </value>
            </param>
          </params>
          <reporter-output>
          </reporter-output>
        </test-method> <!-- runScenario -->
        <test-method signature="runScenario(io.cucumber.testng.PickleWrapper,io.cucumber.testng.FeatureWrapper)[pri:0, instance:testRunner.exersiceRunner@1e1a0406]" started-at="2022-03-21T16:26:12 CST" name="runScenario" description="Runs Cucumber Scenarios" data-provider="scenarios" finished-at="2022-03-21T16:26:21 CST" duration-ms="9121" status="PASS">
          <params>
            <param index="0">
              <value>
                <![CDATA["User should be able to see the contact methods"]]>
              </value>
            </param>
            <param index="1">
              <value>
                <![CDATA["Optional[Automation]"]]>
              </value>
            </param>
          </params>
          <reporter-output>
          </reporter-output>
        </test-method> <!-- runScenario -->
        <test-method signature="runScenario(io.cucumber.testng.PickleWrapper,io.cucumber.testng.FeatureWrapper)[pri:0, instance:testRunner.exersiceRunner@1e1a0406]" started-at="2022-03-21T16:26:21 CST" name="runScenario" description="Runs Cucumber Scenarios" data-provider="scenarios" finished-at="2022-03-21T16:26:47 CST" duration-ms="26713" status="PASS">
          <params>
            <param index="0">
              <value>
                <![CDATA["User should be able to see the payment options"]]>
              </value>
            </param>
            <param index="1">
              <value>
                <![CDATA["Optional[Automation]"]]>
              </value>
            </param>
          </params>
          <reporter-output>
          </reporter-output>
        </test-method> <!-- runScenario -->
        <test-method is-config="true" signature="tearDownClass()[pri:0, instance:testRunner.exersiceRunner@1e1a0406]" started-at="2022-03-21T16:26:47 CST" name="tearDownClass" finished-at="2022-03-21T16:26:48 CST" duration-ms="16" status="PASS">
          <reporter-output>
          </reporter-output>
        </test-method> <!-- tearDownClass -->
      </class> <!-- testRunner.exersiceRunner -->
    </test> <!-- Default test -->
  </suite> <!-- Default suite -->
</testng-results>
